<?xml version="1.0" encoding="UTF-8"?>
<coverage generated="1778363299696" clover="3.2.0">
  <project timestamp="1778363299696" name="All files">
    <metrics statements="98" coveredstatements="56" conditionals="104" coveredconditionals="57" methods="17" coveredmethods="10" elements="219" coveredelements="123" complexity="0" loc="98" ncloc="98" packages="1" files="2" classes="2"/>
    <file name="scraper.js" path="/home/dl/Dokumenty/_OVB/__Aktuálně/_My_d/google-scraper/src/scraper.js">
      <metrics statements="65" coveredstatements="56" conditionals="84" coveredconditionals="57" methods="14" coveredmethods="10"/>
      <line num="3" count="1" type="stmt"/>
      <line num="4" count="1" type="stmt"/>
      <line num="8" count="1" type="stmt"/>
      <line num="9" count="1" type="stmt"/>
      <line num="11" count="1" type="stmt"/>
      <line num="42" count="18" type="cond" truecount="4" falsecount="0"/>
      <line num="43" count="3" type="stmt"/>
      <line num="46" count="15" type="stmt"/>
      <line num="47" count="15" type="stmt"/>
      <line num="48" count="66" type="cond" truecount="2" falsecount="0"/>
      <line num="49" count="3" type="stmt"/>
      <line num="53" count="12" type="cond" truecount="4" falsecount="0"/>
      <line num="54" count="3" type="stmt"/>
      <line num="56" count="9" type="cond" truecount="4" falsecount="0"/>
      <line num="57" count="2" type="stmt"/>
      <line num="59" count="7" type="cond" truecount="4" falsecount="0"/>
      <line num="60" count="2" type="stmt"/>
      <line num="63" count="5" type="stmt"/>
      <line num="69" count="14" type="cond" truecount="4" falsecount="0"/>
      <line num="70" count="3" type="stmt"/>
      <line num="73" count="11" type="stmt"/>
      <line num="74" count="11" type="stmt"/>
      <line num="76" count="11" type="stmt"/>
      <line num="77" count="18" type="stmt"/>
      <line num="79" count="18" type="cond" truecount="2" falsecount="0"/>
      <line num="81" count="17" type="stmt"/>
      <line num="82" count="17" type="cond" truecount="1" falsecount="1"/>
      <line num="84" count="17" type="cond" truecount="1" falsecount="1"/>
      <line num="85" count="17" type="cond" truecount="4" falsecount="0"/>
      <line num="87" count="16" type="stmt"/>
      <line num="88" count="16" type="cond" truecount="1" falsecount="1"/>
      <line num="90" count="16" type="stmt"/>
      <line num="96" count="16" type="stmt"/>
      <line num="102" count="16" type="stmt"/>
      <line num="111" count="11" type="stmt"/>
      <line num="117" count="0" type="cond" truecount="0" falsecount="3"/>
      <line num="119" count="0" type="stmt"/>
      <line num="128" count="0" type="cond" truecount="0" falsecount="2"/>
      <line num="129" count="0" type="stmt"/>
      <line num="131" count="0" type="stmt"/>
      <line num="132" count="0" type="cond" truecount="0" falsecount="2"/>
      <line num="134" count="0" type="stmt"/>
      <line num="146" count="4" type="cond" truecount="3" falsecount="0"/>
      <line num="148" count="4" type="stmt"/>
      <line num="156" count="4" type="cond" truecount="1" falsecount="1"/>
      <line num="157" count="4" type="stmt"/>
      <line num="162" count="3" type="stmt"/>
      <line num="164" count="3" type="cond" truecount="1" falsecount="1"/>
      <line num="169" count="0" type="stmt"/>
      <line num="175" count="3" type="stmt"/>
      <line num="176" count="3" type="stmt"/>
      <line num="182" count="7" type="cond" truecount="4" falsecount="0"/>
      <line num="183" count="3" type="stmt"/>
      <line num="186" count="4" type="cond" truecount="1" falsecount="1"/>
      <line num="187" count="0" type="stmt"/>
      <line num="190" count="4" type="stmt"/>
      <line num="196" count="4" type="stmt"/>
      <line num="200" count="7" type="cond" truecount="4" falsecount="0"/>
      <line num="202" count="6" type="stmt"/>
      <line num="203" count="6" type="stmt"/>
      <line num="204" count="35" type="cond" truecount="1" falsecount="1"/>
      <line num="205" count="35" type="cond" truecount="5" falsecount="0"/>
      <line num="210" count="35" type="stmt"/>
      <line num="211" count="6" type="stmt"/>
      <line num="216" count="1" type="stmt"/>
    </file>
    <file name="server.js" path="/home/dl/Dokumenty/_OVB/__Aktuálně/_My_d/google-scraper/src/server.js">
      <metrics statements="33" coveredstatements="0" conditionals="20" coveredconditionals="0" methods="3" coveredmethods="0"/>
      <line num="3" count="0" type="stmt"/>
      <line num="5" count="0" type="stmt"/>
      <line num="6" count="0" type="stmt"/>
      <line num="7" count="0" type="stmt"/>
      <line num="8" count="0" type="stmt"/>
      <line num="10" count="0" type="stmt"/>
      <line num="11" count="0" type="cond" truecount="0" falsecount="2"/>
      <line num="13" count="0" type="stmt"/>
      <line num="14" count="0" type="stmt"/>
      <line num="15" count="0" type="stmt"/>
      <line num="17" count="0" type="stmt"/>
      <line num="18" count="0" type="cond" truecount="0" falsecount="2"/>
      <line num="19" count="0" type="cond" truecount="0" falsecount="2"/>
      <line num="20" count="0" type="cond" truecount="0" falsecount="2"/>
      <line num="21" count="0" type="cond" truecount="0" falsecount="2"/>
      <line num="23" count="0" type="cond" truecount="0" falsecount="2"/>
      <line num="24" count="0" type="cond" truecount="0" falsecount="2"/>
      <line num="26" count="0" type="stmt"/>
      <line num="27" count="0" type="stmt"/>
      <line num="28" count="0" type="cond" truecount="0" falsecount="2"/>
      <line num="29" count="0" type="stmt"/>
      <line num="30" count="0" type="stmt"/>
      <line num="31" count="0" type="stmt"/>
      <line num="33" count="0" type="stmt"/>
      <line num="34" count="0" type="stmt"/>
      <line num="36" count="0" type="stmt"/>
      <line num="37" count="0" type="stmt"/>
      <line num="41" count="0" type="stmt"/>
      <line num="42" count="0" type="cond" truecount="0" falsecount="2"/>
      <line num="45" count="0" type="cond" truecount="0" falsecount="2"/>
      <line num="46" count="0" type="stmt"/>
      <line num="47" count="0" type="stmt"/>
      <line num="50" count="0" type="stmt"/>
    </file>
  </project>
</coverage>
