{"/home/dl/Dokumenty/_OVB/__Aktuálně/_My_d/google-scraper/src/scraper.js": {"path":"/home/dl/Dokumenty/_OVB/__Aktuálně/_My_d/google-scraper/src/scraper.js","statementMap":{"0":{"start":{"line":3,"column":16},"end":{"line":3,"column":32}},"1":{"start":{"line":4,"column":16},"end":{"line":4,"column":34}},"2":{"start":{"line":8,"column":26},"end":{"line":8,"column":57}},"3":{"start":{"line":9,"column":26},"end":{"line":9,"column":59}},"4":{"start":{"line":11,"column":24},"end":{"line":26,"column":1}},"5":{"start":{"line":42,"column":2},"end":{"line":44,"column":3}},"6":{"start":{"line":43,"column":4},"end":{"line":43,"column":57}},"7":{"start":{"line":46,"column":19},"end":{"line":46,"column":76}},"8":{"start":{"line":47,"column":2},"end":{"line":51,"column":3}},"9":{"start":{"line":48,"column":4},"end":{"line":50,"column":5}},"10":{"start":{"line":49,"column":6},"end":{"line":49,"column":74}},"11":{"start":{"line":53,"column":2},"end":{"line":55,"column":3}},"12":{"start":{"line":54,"column":4},"end":{"line":54,"column":69}},"13":{"start":{"line":56,"column":2},"end":{"line":58,"column":3}},"14":{"start":{"line":57,"column":4},"end":{"line":57,"column":67}},"15":{"start":{"line":59,"column":2},"end":{"line":61,"column":3}},"16":{"start":{"line":60,"column":4},"end":{"line":60,"column":77}},"17":{"start":{"line":63,"column":2},"end":{"line":63,"column":16}},"18":{"start":{"line":69,"column":2},"end":{"line":71,"column":3}},"19":{"start":{"line":70,"column":4},"end":{"line":70,"column":59}},"20":{"start":{"line":73,"column":12},"end":{"line":73,"column":30}},"21":{"start":{"line":74,"column":18},"end":{"line":74,"column":20}},"22":{"start":{"line":76,"column":2},"end":{"line":109,"column":5}},"23":{"start":{"line":77,"column":22},"end":{"line":77,"column":27}},"24":{"start":{"line":79,"column":4},"end":{"line":79,"column":54}},"25":{"start":{"line":79,"column":47},"end":{"line":79,"column":54}},"26":{"start":{"line":81,"column":24},"end":{"line":81,"column":72}},"27":{"start":{"line":82,"column":4},"end":{"line":82,"column":36}},"28":{"start":{"line":82,"column":29},"end":{"line":82,"column":36}},"29":{"start":{"line":84,"column":17},"end":{"line":84,"column":47}},"30":{"start":{"line":85,"column":4},"end":{"line":85,"column":77}},"31":{"start":{"line":85,"column":70},"end":{"line":85,"column":77}},"32":{"start":{"line":87,"column":18},"end":{"line":87,"column":62}},"33":{"start":{"line":88,"column":4},"end":{"line":88,"column":23}},"34":{"start":{"line":88,"column":16},"end":{"line":88,"column":23}},"35":{"start":{"line":90,"column":23},"end":{"line":94,"column":13}},"36":{"start":{"line":96,"column":24},"end":{"line":100,"column":13}},"37":{"start":{"line":102,"column":4},"end":{"line":108,"column":7}},"38":{"start":{"line":111,"column":2},"end":{"line":111,"column":17}},"39":{"start":{"line":117,"column":53},"end":{"line":117,"column":60}},"40":{"start":{"line":119,"column":17},"end":{"line":126,"column":4}},"41":{"start":{"line":128,"column":18},"end":{"line":128,"column":61}},"42":{"start":{"line":128,"column":42},"end":{"line":128,"column":60}},"43":{"start":{"line":129,"column":19},"end":{"line":129,"column":81}},"44":{"start":{"line":131,"column":2},"end":{"line":131,"column":76}},"45":{"start":{"line":132,"column":25},"end":{"line":132,"column":60}},"46":{"start":{"line":134,"column":2},"end":{"line":140,"column":26}},"47":{"start":{"line":134,"column":42},"end":{"line":140,"column":3}},"48":{"start":{"line":146,"column":53},"end":{"line":146,"column":60}},"49":{"start":{"line":148,"column":17},"end":{"line":154,"column":4}},"50":{"start":{"line":156,"column":18},"end":{"line":156,"column":61}},"51":{"start":{"line":156,"column":42},"end":{"line":156,"column":60}},"52":{"start":{"line":157,"column":19},"end":{"line":160,"column":4}},"53":{"start":{"line":162,"column":15},"end":{"line":162,"column":28}},"54":{"start":{"line":164,"column":2},"end":{"line":173,"column":3}},"55":{"start":{"line":169,"column":4},"end":{"line":172,"column":6}},"56":{"start":{"line":175,"column":18},"end":{"line":175,"column":39}},"57":{"start":{"line":176,"column":2},"end":{"line":176,"column":37}},"58":{"start":{"line":182,"column":2},"end":{"line":184,"column":3}},"59":{"start":{"line":183,"column":4},"end":{"line":183,"column":60}},"60":{"start":{"line":186,"column":2},"end":{"line":188,"column":3}},"61":{"start":{"line":187,"column":4},"end":{"line":187,"column":43}},"62":{"start":{"line":190,"column":2},"end":{"line":190,"column":37}},"63":{"start":{"line":196,"column":2},"end":{"line":196,"column":40}},"64":{"start":{"line":200,"column":2},"end":{"line":200,"column":50}},"65":{"start":{"line":200,"column":40},"end":{"line":200,"column":50}},"66":{"start":{"line":202,"column":18},"end":{"line":202,"column":75}},"67":{"start":{"line":203,"column":18},"end":{"line":208,"column":3}},"68":{"start":{"line":204,"column":16},"end":{"line":204,"column":53}},"69":{"start":{"line":205,"column":4},"end":{"line":207,"column":12}},"70":{"start":{"line":210,"column":15},"end":{"line":210,"column":77}},"71":{"start":{"line":210,"column":34},"end":{"line":210,"column":76}},"72":{"start":{"line":210,"column":53},"end":{"line":210,"column":65}},"73":{"start":{"line":211,"column":2},"end":{"line":211,"column":49}},"74":{"start":{"line":216,"column":0},"end":{"line":226,"column":2}}},"fnMap":{"0":{"name":"validateResult","decl":{"start":{"line":41,"column":9},"end":{"line":41,"column":23}},"loc":{"start":{"line":41,"column":32},"end":{"line":64,"column":1}},"line":41},"1":{"name":"parseGoogleHtml","decl":{"start":{"line":68,"column":9},"end":{"line":68,"column":24}},"loc":{"start":{"line":68,"column":31},"end":{"line":112,"column":1}},"line":68},"2":{"name":"(anonymous_2)","decl":{"start":{"line":76,"column":47},"end":{"line":76,"column":48}},"loc":{"start":{"line":76,"column":59},"end":{"line":109,"column":3}},"line":76},"3":{"name":"fetchViaSerpApi","decl":{"start":{"line":116,"column":15},"end":{"line":116,"column":30}},"loc":{"start":{"line":116,"column":52},"end":{"line":141,"column":1}},"line":116},"4":{"name":"(anonymous_4)","decl":{"start":{"line":128,"column":29},"end":{"line":128,"column":30}},"loc":{"start":{"line":128,"column":42},"end":{"line":128,"column":60}},"line":128},"5":{"name":"(anonymous_5)","decl":{"start":{"line":134,"column":28},"end":{"line":134,"column":29}},"loc":{"start":{"line":134,"column":42},"end":{"line":140,"column":3}},"line":134},"6":{"name":"fetchDirect","decl":{"start":{"line":145,"column":15},"end":{"line":145,"column":26}},"loc":{"start":{"line":145,"column":48},"end":{"line":177,"column":1}},"line":145},"7":{"name":"(anonymous_7)","decl":{"start":{"line":156,"column":29},"end":{"line":156,"column":30}},"loc":{"start":{"line":156,"column":42},"end":{"line":156,"column":60}},"line":156},"8":{"name":"fetchOrganicResults","decl":{"start":{"line":181,"column":15},"end":{"line":181,"column":34}},"loc":{"start":{"line":181,"column":56},"end":{"line":191,"column":1}},"line":181},"9":{"name":"toJson","decl":{"start":{"line":195,"column":9},"end":{"line":195,"column":15}},"loc":{"start":{"line":195,"column":23},"end":{"line":197,"column":1}},"line":195},"10":{"name":"toCsv","decl":{"start":{"line":199,"column":9},"end":{"line":199,"column":14}},"loc":{"start":{"line":199,"column":24},"end":{"line":212,"column":1}},"line":199},"11":{"name":"(anonymous_11)","decl":{"start":{"line":203,"column":18},"end":{"line":203,"column":19}},"loc":{"start":{"line":203,"column":27},"end":{"line":208,"column":3}},"line":203},"12":{"name":"(anonymous_12)","decl":{"start":{"line":210,"column":27},"end":{"line":210,"column":28}},"loc":{"start":{"line":210,"column":34},"end":{"line":210,"column":76}},"line":210},"13":{"name":"(anonymous_13)","decl":{"start":{"line":210,"column":46},"end":{"line":210,"column":47}},"loc":{"start":{"line":210,"column":53},"end":{"line":210,"column":65}},"line":210}},"branchMap":{"0":{"loc":{"start":{"line":42,"column":2},"end":{"line":44,"column":3}},"type":"if","locations":[{"start":{"line":42,"column":2},"end":{"line":44,"column":3}},{"start":{},"end":{}}],"line":42},"1":{"loc":{"start":{"line":42,"column":6},"end":{"line":42,"column":43}},"type":"binary-expr","locations":[{"start":{"line":42,"column":6},"end":{"line":42,"column":13}},{"start":{"line":42,"column":17},"end":{"line":42,"column":43}}],"line":42},"2":{"loc":{"start":{"line":48,"column":4},"end":{"line":50,"column":5}},"type":"if","locations":[{"start":{"line":48,"column":4},"end":{"line":50,"column":5}},{"start":{},"end":{}}],"line":48},"3":{"loc":{"start":{"line":53,"column":2},"end":{"line":55,"column":3}},"type":"if","locations":[{"start":{"line":53,"column":2},"end":{"line":55,"column":3}},{"start":{},"end":{}}],"line":53},"4":{"loc":{"start":{"line":53,"column":6},"end":{"line":53,"column":64}},"type":"binary-expr","locations":[{"start":{"line":53,"column":6},"end":{"line":53,"column":41}},{"start":{"line":53,"column":45},"end":{"line":53,"column":64}}],"line":53},"5":{"loc":{"start":{"line":56,"column":2},"end":{"line":58,"column":3}},"type":"if","locations":[{"start":{"line":56,"column":2},"end":{"line":58,"column":3}},{"start":{},"end":{}}],"line":56},"6":{"loc":{"start":{"line":56,"column":6},"end":{"line":56,"column":68}},"type":"binary-expr","locations":[{"start":{"line":56,"column":6},"end":{"line":56,"column":38}},{"start":{"line":56,"column":42},"end":{"line":56,"column":68}}],"line":56},"7":{"loc":{"start":{"line":59,"column":2},"end":{"line":61,"column":3}},"type":"if","locations":[{"start":{"line":59,"column":2},"end":{"line":61,"column":3}},{"start":{},"end":{}}],"line":59},"8":{"loc":{"start":{"line":59,"column":6},"end":{"line":59,"column":70}},"type":"binary-expr","locations":[{"start":{"line":59,"column":6},"end":{"line":59,"column":36}},{"start":{"line":59,"column":40},"end":{"line":59,"column":70}}],"line":59},"9":{"loc":{"start":{"line":69,"column":2},"end":{"line":71,"column":3}},"type":"if","locations":[{"start":{"line":69,"column":2},"end":{"line":71,"column":3}},{"start":{},"end":{}}],"line":69},"10":{"loc":{"start":{"line":69,"column":6},"end":{"line":69,"column":52}},"type":"binary-expr","locations":[{"start":{"line":69,"column":6},"end":{"line":69,"column":30}},{"start":{"line":69,"column":34},"end":{"line":69,"column":52}}],"line":69},"11":{"loc":{"start":{"line":79,"column":4},"end":{"line":79,"column":54}},"type":"if","locations":[{"start":{"line":79,"column":4},"end":{"line":79,"column":54}},{"start":{},"end":{}}],"line":79},"12":{"loc":{"start":{"line":82,"column":4},"end":{"line":82,"column":36}},"type":"if","locations":[{"start":{"line":82,"column":4},"end":{"line":82,"column":36}},{"start":{},"end":{}}],"line":82},"13":{"loc":{"start":{"line":84,"column":17},"end":{"line":84,"column":47}},"type":"binary-expr","locations":[{"start":{"line":84,"column":17},"end":{"line":84,"column":41}},{"start":{"line":84,"column":45},"end":{"line":84,"column":47}}],"line":84},"14":{"loc":{"start":{"line":85,"column":4},"end":{"line":85,"column":77}},"type":"if","locations":[{"start":{"line":85,"column":4},"end":{"line":85,"column":77}},{"start":{},"end":{}}],"line":85},"15":{"loc":{"start":{"line":85,"column":8},"end":{"line":85,"column":68}},"type":"binary-expr","locations":[{"start":{"line":85,"column":8},"end":{"line":85,"column":32}},{"start":{"line":85,"column":36},"end":{"line":85,"column":68}}],"line":85},"16":{"loc":{"start":{"line":88,"column":4},"end":{"line":88,"column":23}},"type":"if","locations":[{"start":{"line":88,"column":4},"end":{"line":88,"column":23}},{"start":{},"end":{}}],"line":88},"17":{"loc":{"start":{"line":106,"column":19},"end":{"line":106,"column":55}},"type":"binary-expr","locations":[{"start":{"line":106,"column":19},"end":{"line":106,"column":29}},{"start":{"line":106,"column":33},"end":{"line":106,"column":55}}],"line":106},"18":{"loc":{"start":{"line":107,"column":19},"end":{"line":107,"column":36}},"type":"binary-expr","locations":[{"start":{"line":107,"column":19},"end":{"line":107,"column":30}},{"start":{"line":107,"column":34},"end":{"line":107,"column":36}}],"line":107},"19":{"loc":{"start":{"line":116,"column":38},"end":{"line":116,"column":50}},"type":"default-arg","locations":[{"start":{"line":116,"column":48},"end":{"line":116,"column":50}}],"line":116},"20":{"loc":{"start":{"line":117,"column":10},"end":{"line":117,"column":19}},"type":"default-arg","locations":[{"start":{"line":117,"column":15},"end":{"line":117,"column":19}}],"line":117},"21":{"loc":{"start":{"line":117,"column":21},"end":{"line":117,"column":30}},"type":"default-arg","locations":[{"start":{"line":117,"column":26},"end":{"line":117,"column":30}}],"line":117},"22":{"loc":{"start":{"line":117,"column":32},"end":{"line":117,"column":40}},"type":"default-arg","locations":[{"start":{"line":117,"column":38},"end":{"line":117,"column":40}}],"line":117},"23":{"loc":{"start":{"line":128,"column":18},"end":{"line":128,"column":61}},"type":"binary-expr","locations":[{"start":{"line":128,"column":18},"end":{"line":128,"column":24}},{"start":{"line":128,"column":29},"end":{"line":128,"column":60}}],"line":128},"24":{"loc":{"start":{"line":132,"column":25},"end":{"line":132,"column":60}},"type":"binary-expr","locations":[{"start":{"line":132,"column":25},"end":{"line":132,"column":54}},{"start":{"line":132,"column":58},"end":{"line":132,"column":60}}],"line":132},"25":{"loc":{"start":{"line":136,"column":17},"end":{"line":136,"column":42}},"type":"binary-expr","locations":[{"start":{"line":136,"column":17},"end":{"line":136,"column":27}},{"start":{"line":136,"column":40},"end":{"line":136,"column":42}}],"line":136},"26":{"loc":{"start":{"line":137,"column":17},"end":{"line":137,"column":42}},"type":"binary-expr","locations":[{"start":{"line":137,"column":17},"end":{"line":137,"column":26}},{"start":{"line":137,"column":40},"end":{"line":137,"column":42}}],"line":137},"27":{"loc":{"start":{"line":138,"column":17},"end":{"line":138,"column":55}},"type":"binary-expr","locations":[{"start":{"line":138,"column":17},"end":{"line":138,"column":36}},{"start":{"line":138,"column":40},"end":{"line":138,"column":49}},{"start":{"line":138,"column":53},"end":{"line":138,"column":55}}],"line":138},"28":{"loc":{"start":{"line":139,"column":17},"end":{"line":139,"column":42}},"type":"binary-expr","locations":[{"start":{"line":139,"column":17},"end":{"line":139,"column":29}},{"start":{"line":139,"column":40},"end":{"line":139,"column":42}}],"line":139},"29":{"loc":{"start":{"line":145,"column":34},"end":{"line":145,"column":46}},"type":"default-arg","locations":[{"start":{"line":145,"column":44},"end":{"line":145,"column":46}}],"line":145},"30":{"loc":{"start":{"line":146,"column":10},"end":{"line":146,"column":19}},"type":"default-arg","locations":[{"start":{"line":146,"column":15},"end":{"line":146,"column":19}}],"line":146},"31":{"loc":{"start":{"line":146,"column":21},"end":{"line":146,"column":30}},"type":"default-arg","locations":[{"start":{"line":146,"column":26},"end":{"line":146,"column":30}}],"line":146},"32":{"loc":{"start":{"line":146,"column":32},"end":{"line":146,"column":40}},"type":"default-arg","locations":[{"start":{"line":146,"column":38},"end":{"line":146,"column":40}}],"line":146},"33":{"loc":{"start":{"line":156,"column":18},"end":{"line":156,"column":61}},"type":"binary-expr","locations":[{"start":{"line":156,"column":18},"end":{"line":156,"column":24}},{"start":{"line":156,"column":29},"end":{"line":156,"column":60}}],"line":156},"34":{"loc":{"start":{"line":164,"column":2},"end":{"line":173,"column":3}},"type":"if","locations":[{"start":{"line":164,"column":2},"end":{"line":173,"column":3}},{"start":{},"end":{}}],"line":164},"35":{"loc":{"start":{"line":165,"column":4},"end":{"line":167,"column":35}},"type":"binary-expr","locations":[{"start":{"line":165,"column":4},"end":{"line":165,"column":47}},{"start":{"line":166,"column":4},"end":{"line":166,"column":45}},{"start":{"line":167,"column":4},"end":{"line":167,"column":35}}],"line":165},"36":{"loc":{"start":{"line":181,"column":42},"end":{"line":181,"column":54}},"type":"default-arg","locations":[{"start":{"line":181,"column":52},"end":{"line":181,"column":54}}],"line":181},"37":{"loc":{"start":{"line":182,"column":2},"end":{"line":184,"column":3}},"type":"if","locations":[{"start":{"line":182,"column":2},"end":{"line":184,"column":3}},{"start":{},"end":{}}],"line":182},"38":{"loc":{"start":{"line":182,"column":6},"end":{"line":182,"column":54}},"type":"binary-expr","locations":[{"start":{"line":182,"column":6},"end":{"line":182,"column":31}},{"start":{"line":182,"column":35},"end":{"line":182,"column":54}}],"line":182},"39":{"loc":{"start":{"line":186,"column":2},"end":{"line":188,"column":3}},"type":"if","locations":[{"start":{"line":186,"column":2},"end":{"line":188,"column":3}},{"start":{},"end":{}}],"line":186},"40":{"loc":{"start":{"line":200,"column":2},"end":{"line":200,"column":50}},"type":"if","locations":[{"start":{"line":200,"column":2},"end":{"line":200,"column":50}},{"start":{},"end":{}}],"line":200},"41":{"loc":{"start":{"line":200,"column":6},"end":{"line":200,"column":38}},"type":"binary-expr","locations":[{"start":{"line":200,"column":6},"end":{"line":200,"column":14}},{"start":{"line":200,"column":18},"end":{"line":200,"column":38}}],"line":200},"42":{"loc":{"start":{"line":204,"column":23},"end":{"line":204,"column":32}},"type":"binary-expr","locations":[{"start":{"line":204,"column":23},"end":{"line":204,"column":26}},{"start":{"line":204,"column":30},"end":{"line":204,"column":32}}],"line":204},"43":{"loc":{"start":{"line":205,"column":11},"end":{"line":207,"column":11}},"type":"cond-expr","locations":[{"start":{"line":206,"column":8},"end":{"line":206,"column":18}},{"start":{"line":207,"column":8},"end":{"line":207,"column":11}}],"line":205},"44":{"loc":{"start":{"line":205,"column":11},"end":{"line":205,"column":71}},"type":"binary-expr","locations":[{"start":{"line":205,"column":11},"end":{"line":205,"column":28}},{"start":{"line":205,"column":32},"end":{"line":205,"column":50}},{"start":{"line":205,"column":54},"end":{"line":205,"column":71}}],"line":205}},"s":{"0":1,"1":1,"2":1,"3":1,"4":1,"5":18,"6":3,"7":15,"8":15,"9":66,"10":3,"11":12,"12":3,"13":9,"14":2,"15":7,"16":2,"17":5,"18":14,"19":3,"20":11,"21":11,"22":11,"23":18,"24":18,"25":1,"26":17,"27":17,"28":0,"29":17,"30":17,"31":1,"32":16,"33":16,"34":0,"35":16,"36":16,"37":16,"38":11,"39":0,"40":0,"41":0,"42":0,"43":0,"44":0,"45":0,"46":0,"47":0,"48":4,"49":4,"50":4,"51":0,"52":4,"53":3,"54":3,"55":0,"56":3,"57":3,"58":7,"59":3,"60":4,"61":0,"62":4,"63":4,"64":7,"65":1,"66":6,"67":6,"68":35,"69":35,"70":6,"71":7,"72":35,"73":6,"74":1},"f":{"0":18,"1":14,"2":18,"3":0,"4":0,"5":0,"6":4,"7":0,"8":7,"9":4,"10":7,"11":35,"12":7,"13":35},"b":{"0":[3,15],"1":[18,17],"2":[3,63],"3":[3,9],"4":[12,11],"5":[2,7],"6":[9,9],"7":[2,5],"8":[7,7],"9":[3,11],"10":[14,12],"11":[1,17],"12":[0,17],"13":[17,0],"14":[1,16],"15":[17,17],"16":[0,16],"17":[16,0],"18":[16,0],"19":[0],"20":[0],"21":[0],"22":[0],"23":[0,0],"24":[0,0],"25":[0,0],"26":[0,0],"27":[0,0,0],"28":[0,0],"29":[0],"30":[4],"31":[4],"32":[4],"33":[4,0],"34":[0,3],"35":[3,3,3],"36":[3],"37":[3,4],"38":[7,6],"39":[0,4],"40":[1,6],"41":[7,7],"42":[35,0],"43":[2,33],"44":[35,34,34]},"_coverageSchema":"1a1c01bbd47fc00a2c39e90264f33305004495a9","hash":"0ae5c4e15fb6c97a0a6bb182e9ce7526f3bb7b86"}
,"/home/dl/Dokumenty/_OVB/__Aktuálně/_My_d/google-scraper/src/server.js": {"path":"/home/dl/Dokumenty/_OVB/__Aktuálně/_My_d/google-scraper/src/server.js","statementMap":{"0":{"start":{"line":3,"column":0},"end":{"line":3,"column":27}},"1":{"start":{"line":5,"column":16},"end":{"line":5,"column":34}},"2":{"start":{"line":6,"column":16},"end":{"line":6,"column":31}},"3":{"start":{"line":7,"column":16},"end":{"line":7,"column":31}},"4":{"start":{"line":8,"column":47},"end":{"line":8,"column":67}},"5":{"start":{"line":10,"column":13},"end":{"line":10,"column":22}},"6":{"start":{"line":11,"column":13},"end":{"line":11,"column":37}},"7":{"start":{"line":13,"column":0},"end":{"line":13,"column":16}},"8":{"start":{"line":14,"column":0},"end":{"line":14,"column":24}},"9":{"start":{"line":15,"column":0},"end":{"line":15,"column":56}},"10":{"start":{"line":17,"column":0},"end":{"line":39,"column":3}},"11":{"start":{"line":18,"column":17},"end":{"line":18,"column":48}},"12":{"start":{"line":19,"column":17},"end":{"line":19,"column":59}},"13":{"start":{"line":20,"column":18},"end":{"line":20,"column":42}},"14":{"start":{"line":21,"column":18},"end":{"line":21,"column":42}},"15":{"start":{"line":23,"column":2},"end":{"line":23,"column":64}},"16":{"start":{"line":23,"column":14},"end":{"line":23,"column":64}},"17":{"start":{"line":24,"column":2},"end":{"line":24,"column":113}},"18":{"start":{"line":24,"column":41},"end":{"line":24,"column":113}},"19":{"start":{"line":26,"column":2},"end":{"line":38,"column":3}},"20":{"start":{"line":27,"column":20},"end":{"line":27,"column":64}},"21":{"start":{"line":28,"column":4},"end":{"line":32,"column":5}},"22":{"start":{"line":29,"column":6},"end":{"line":29,"column":63}},"23":{"start":{"line":30,"column":6},"end":{"line":30,"column":107}},"24":{"start":{"line":31,"column":6},"end":{"line":31,"column":38}},"25":{"start":{"line":33,"column":4},"end":{"line":33,"column":69}},"26":{"start":{"line":34,"column":4},"end":{"line":34,"column":85}},"27":{"start":{"line":36,"column":4},"end":{"line":36,"column":49}},"28":{"start":{"line":37,"column":4},"end":{"line":37,"column":56}},"29":{"start":{"line":41,"column":0},"end":{"line":43,"column":3}},"30":{"start":{"line":42,"column":2},"end":{"line":42,"column":113}},"31":{"start":{"line":45,"column":13},"end":{"line":45,"column":59}},"32":{"start":{"line":46,"column":0},"end":{"line":48,"column":3}},"33":{"start":{"line":47,"column":2},"end":{"line":47,"column":77}},"34":{"start":{"line":50,"column":0},"end":{"line":50,"column":21}}},"fnMap":{"0":{"name":"(anonymous_0)","decl":{"start":{"line":17,"column":23},"end":{"line":17,"column":24}},"loc":{"start":{"line":17,"column":43},"end":{"line":39,"column":1}},"line":17},"1":{"name":"(anonymous_1)","decl":{"start":{"line":41,"column":23},"end":{"line":41,"column":24}},"loc":{"start":{"line":41,"column":38},"end":{"line":43,"column":1}},"line":41},"2":{"name":"(anonymous_2)","decl":{"start":{"line":46,"column":17},"end":{"line":46,"column":18}},"loc":{"start":{"line":46,"column":23},"end":{"line":48,"column":1}},"line":46}},"branchMap":{"0":{"loc":{"start":{"line":11,"column":13},"end":{"line":11,"column":37}},"type":"binary-expr","locations":[{"start":{"line":11,"column":13},"end":{"line":11,"column":29}},{"start":{"line":11,"column":33},"end":{"line":11,"column":37}}],"line":11},"1":{"loc":{"start":{"line":18,"column":18},"end":{"line":18,"column":40}},"type":"binary-expr","locations":[{"start":{"line":18,"column":18},"end":{"line":18,"column":29}},{"start":{"line":18,"column":38},"end":{"line":18,"column":40}}],"line":18},"2":{"loc":{"start":{"line":19,"column":18},"end":{"line":19,"column":44}},"type":"binary-expr","locations":[{"start":{"line":19,"column":18},"end":{"line":19,"column":34}},{"start":{"line":19,"column":38},"end":{"line":19,"column":44}}],"line":19},"3":{"loc":{"start":{"line":20,"column":18},"end":{"line":20,"column":42}},"type":"binary-expr","locations":[{"start":{"line":20,"column":18},"end":{"line":20,"column":30}},{"start":{"line":20,"column":38},"end":{"line":20,"column":42}}],"line":20},"4":{"loc":{"start":{"line":21,"column":18},"end":{"line":21,"column":42}},"type":"binary-expr","locations":[{"start":{"line":21,"column":18},"end":{"line":21,"column":30}},{"start":{"line":21,"column":38},"end":{"line":21,"column":42}}],"line":21},"5":{"loc":{"start":{"line":23,"column":2},"end":{"line":23,"column":64}},"type":"if","locations":[{"start":{"line":23,"column":2},"end":{"line":23,"column":64}},{"start":{},"end":{}}],"line":23},"6":{"loc":{"start":{"line":24,"column":2},"end":{"line":24,"column":113}},"type":"if","locations":[{"start":{"line":24,"column":2},"end":{"line":24,"column":113}},{"start":{},"end":{}}],"line":24},"7":{"loc":{"start":{"line":28,"column":4},"end":{"line":32,"column":5}},"type":"if","locations":[{"start":{"line":28,"column":4},"end":{"line":32,"column":5}},{"start":{},"end":{}}],"line":28},"8":{"loc":{"start":{"line":42,"column":63},"end":{"line":42,"column":109}},"type":"cond-expr","locations":[{"start":{"line":42,"column":89},"end":{"line":42,"column":98}},{"start":{"line":42,"column":101},"end":{"line":42,"column":109}}],"line":42},"9":{"loc":{"start":{"line":45,"column":13},"end":{"line":45,"column":59}},"type":"cond-expr","locations":[{"start":{"line":45,"column":39},"end":{"line":45,"column":48}},{"start":{"line":45,"column":51},"end":{"line":45,"column":59}}],"line":45}},"s":{"0":0,"1":0,"2":0,"3":0,"4":0,"5":0,"6":0,"7":0,"8":0,"9":0,"10":0,"11":0,"12":0,"13":0,"14":0,"15":0,"16":0,"17":0,"18":0,"19":0,"20":0,"21":0,"22":0,"23":0,"24":0,"25":0,"26":0,"27":0,"28":0,"29":0,"30":0,"31":0,"32":0,"33":0,"34":0},"f":{"0":0,"1":0,"2":0},"b":{"0":[0,0],"1":[0,0],"2":[0,0],"3":[0,0],"4":[0,0],"5":[0,0],"6":[0,0],"7":[0,0],"8":[0,0],"9":[0,0]}}
}
