TN:
SF:src/scraper.js
FN:41,validateResult
FN:68,parseGoogleHtml
FN:76,(anonymous_2)
FN:116,fetchViaSerpApi
FN:128,(anonymous_4)
FN:134,(anonymous_5)
FN:145,fetchDirect
FN:156,(anonymous_7)
FN:181,fetchOrganicResults
FN:195,toJson
FN:199,toCsv
FN:203,(anonymous_11)
FN:210,(anonymous_12)
FN:210,(anonymous_13)
FNF:14
FNH:10
FNDA:18,validateResult
FNDA:14,parseGoogleHtml
FNDA:18,(anonymous_2)
FNDA:0,fetchViaSerpApi
FNDA:0,(anonymous_4)
FNDA:0,(anonymous_5)
FNDA:4,fetchDirect
FNDA:0,(anonymous_7)
FNDA:7,fetchOrganicResults
FNDA:4,toJson
FNDA:7,toCsv
FNDA:35,(anonymous_11)
FNDA:7,(anonymous_12)
FNDA:35,(anonymous_13)
DA:3,1
DA:4,1
DA:8,1
DA:9,1
DA:11,1
DA:42,18
DA:43,3
DA:46,15
DA:47,15
DA:48,66
DA:49,3
DA:53,12
DA:54,3
DA:56,9
DA:57,2
DA:59,7
DA:60,2
DA:63,5
DA:69,14
DA:70,3
DA:73,11
DA:74,11
DA:76,11
DA:77,18
DA:79,18
DA:81,17
DA:82,17
DA:84,17
DA:85,17
DA:87,16
DA:88,16
DA:90,16
DA:96,16
DA:102,16
DA:111,11
DA:117,0
DA:119,0
DA:128,0
DA:129,0
DA:131,0
DA:132,0
DA:134,0
DA:146,4
DA:148,4
DA:156,4
DA:157,4
DA:162,3
DA:164,3
DA:169,0
DA:175,3
DA:176,3
DA:182,7
DA:183,3
DA:186,4
DA:187,0
DA:190,4
DA:196,4
DA:200,7
DA:202,6
DA:203,6
DA:204,35
DA:205,35
DA:210,35
DA:211,6
DA:216,1
LF:65
LH:56
BRDA:42,0,0,3
BRDA:42,0,1,15
BRDA:42,1,0,18
BRDA:42,1,1,17
BRDA:48,2,0,3
BRDA:48,2,1,63
BRDA:53,3,0,3
BRDA:53,3,1,9
BRDA:53,4,0,12
BRDA:53,4,1,11
BRDA:56,5,0,2
BRDA:56,5,1,7
BRDA:56,6,0,9
BRDA:56,6,1,9
BRDA:59,7,0,2
BRDA:59,7,1,5
BRDA:59,8,0,7
BRDA:59,8,1,7
BRDA:69,9,0,3
BRDA:69,9,1,11
BRDA:69,10,0,14
BRDA:69,10,1,12
BRDA:79,11,0,1
BRDA:79,11,1,17
BRDA:82,12,0,0
BRDA:82,12,1,17
BRDA:84,13,0,17
BRDA:84,13,1,0
BRDA:85,14,0,1
BRDA:85,14,1,16
BRDA:85,15,0,17
BRDA:85,15,1,17
BRDA:88,16,0,0
BRDA:88,16,1,16
BRDA:106,17,0,16
BRDA:106,17,1,0
BRDA:107,18,0,16
BRDA:107,18,1,0
BRDA:116,19,0,0
BRDA:117,20,0,0
BRDA:117,21,0,0
BRDA:117,22,0,0
BRDA:128,23,0,0
BRDA:128,23,1,0
BRDA:132,24,0,0
BRDA:132,24,1,0
BRDA:136,25,0,0
BRDA:136,25,1,0
BRDA:137,26,0,0
BRDA:137,26,1,0
BRDA:138,27,0,0
BRDA:138,27,1,0
BRDA:138,27,2,0
BRDA:139,28,0,0
BRDA:139,28,1,0
BRDA:145,29,0,0
BRDA:146,30,0,4
BRDA:146,31,0,4
BRDA:146,32,0,4
BRDA:156,33,0,4
BRDA:156,33,1,0
BRDA:164,34,0,0
BRDA:164,34,1,3
BRDA:165,35,0,3
BRDA:165,35,1,3
BRDA:165,35,2,3
BRDA:181,36,0,3
BRDA:182,37,0,3
BRDA:182,37,1,4
BRDA:182,38,0,7
BRDA:182,38,1,6
BRDA:186,39,0,0
BRDA:186,39,1,4
BRDA:200,40,0,1
BRDA:200,40,1,6
BRDA:200,41,0,7
BRDA:200,41,1,7
BRDA:204,42,0,35
BRDA:204,42,1,0
BRDA:205,43,0,2
BRDA:205,43,1,33
BRDA:205,44,0,35
BRDA:205,44,1,34
BRDA:205,44,2,34
BRF:84
BRH:57
end_of_record
TN:
SF:src/server.js
FN:17,(anonymous_0)
FN:41,(anonymous_1)
FN:46,(anonymous_2)
FNF:3
FNH:0
FNDA:0,(anonymous_0)
FNDA:0,(anonymous_1)
FNDA:0,(anonymous_2)
DA:3,0
DA:5,0
DA:6,0
DA:7,0
DA:8,0
DA:10,0
DA:11,0
DA:13,0
DA:14,0
DA:15,0
DA:17,0
DA:18,0
DA:19,0
DA:20,0
DA:21,0
DA:23,0
DA:24,0
DA:26,0
DA:27,0
DA:28,0
DA:29,0
DA:30,0
DA:31,0
DA:33,0
DA:34,0
DA:36,0
DA:37,0
DA:41,0
DA:42,0
DA:45,0
DA:46,0
DA:47,0
DA:50,0
LF:33
LH:0
BRDA:11,0,0,0
BRDA:11,0,1,0
BRDA:18,1,0,0
BRDA:18,1,1,0
BRDA:19,2,0,0
BRDA:19,2,1,0
BRDA:20,3,0,0
BRDA:20,3,1,0
BRDA:21,4,0,0
BRDA:21,4,1,0
BRDA:23,5,0,0
BRDA:23,5,1,0
BRDA:24,6,0,0
BRDA:24,6,1,0
BRDA:28,7,0,0
BRDA:28,7,1,0
BRDA:42,8,0,0
BRDA:42,8,1,0
BRDA:45,9,0,0
BRDA:45,9,1,0
BRF:20
BRH:0
end_of_record
